06032020 12:12:23 PM - LoginPage - INFO: Element Found with locator: Login and  locatorType: link
06032020 12:12:23 PM - LoginPage - INFO: Clicked on element with locator: Login locatorType: link
06032020 12:12:29 PM - LoginPage - INFO: Element Found with locator: user_email and  locatorType: id
06032020 12:12:29 PM - LoginPage - INFO: Sent data on element with locator: user_email locatorType: id
06032020 12:12:29 PM - LoginPage - INFO: Element Found with locator: user_password and  locatorType: id
06032020 12:12:30 PM - LoginPage - INFO: Sent data on element with locator: user_password locatorType: id
06032020 12:12:30 PM - LoginPage - INFO: Element Found with locator: commit and  locatorType: name
06032020 12:12:34 PM - LoginPage - INFO: Clicked on element with locator: commit locatorType: name
06032020 12:12:38 PM - LoginPage - INFO: Element not found with locator: .//*[@id='navbar']//span[text()='User Settings'] and  locatorType: xpath
06032020 12:12:38 PM - LoginPage - INFO: Element not found
06032020 01:48:11 PM - LoginPage - INFO: Element Found with locator: Login and  locatorType: link
06032020 01:48:11 PM - LoginPage - INFO: Clicked on element with locator: Login locatorType: link
06032020 01:48:16 PM - LoginPage - INFO: Element Found with locator: user_email and  locatorType: id
06032020 01:48:17 PM - LoginPage - INFO: Sent data on element with locator: user_email locatorType: id
06032020 01:48:17 PM - LoginPage - INFO: Element Found with locator: user_password and  locatorType: id
06032020 01:48:17 PM - LoginPage - INFO: Sent data on element with locator: user_password locatorType: id
06032020 01:48:17 PM - LoginPage - INFO: Element Found with locator: commit and  locatorType: name
06032020 01:48:20 PM - LoginPage - INFO: Clicked on element with locator: commit locatorType: name
06032020 01:48:20 PM - LoginPage - INFO: Element Found with locator: //*[contains(text(), 'Invalid email or password')] and  locatorType: xpath
06032020 01:48:20 PM - LoginPage - INFO: Element Found
06032020 01:48:23 PM - LoginPage - INFO: Element not found with locator: Login and  locatorType: link
06032020 01:48:23 PM - LoginPage - INFO: Cannot click on the element with locator: Login locatorType: link
06032020 01:48:23 PM - LoginPage - INFO: Element Found with locator: user_email and  locatorType: id
06032020 01:48:23 PM - LoginPage - INFO: Sent data on element with locator: user_email locatorType: id
06032020 01:48:23 PM - LoginPage - INFO: Element Found with locator: user_password and  locatorType: id
06032020 01:48:23 PM - LoginPage - INFO: Sent data on element with locator: user_password locatorType: id
06032020 01:48:23 PM - LoginPage - INFO: Element Found with locator: commit and  locatorType: name
06032020 01:48:23 PM - LoginPage - INFO: Clicked on element with locator: commit locatorType: name
06032020 01:48:26 PM - LoginPage - INFO: Element not found with locator: .//*[@id='navbar']//span[text()='User Settings'] and  locatorType: xpath
06032020 01:48:26 PM - LoginPage - INFO: Element not found
06032020 02:16:39 PM - LoginPage - INFO: Element Found with locator: Login and  locatorType: link
06032020 02:16:39 PM - LoginPage - INFO: Clicked on element with locator: Login locatorType: link
06032020 02:16:44 PM - LoginPage - INFO: Element Found with locator: user_email and  locatorType: id
06032020 02:16:44 PM - LoginPage - INFO: Cleared data from textbox with locator: user_email locatorType: id
06032020 02:16:44 PM - LoginPage - INFO: Element Found with locator: user_password and  locatorType: id
06032020 02:16:44 PM - LoginPage - INFO: Cleared data from textbox with locator: user_password locatorType: id
06032020 02:16:44 PM - LoginPage - INFO: Element Found with locator: user_email and  locatorType: id
06032020 02:16:44 PM - LoginPage - INFO: Sent data on element with locator: user_email locatorType: id
06032020 02:16:44 PM - LoginPage - INFO: Element Found with locator: user_password and  locatorType: id
06032020 02:16:44 PM - LoginPage - INFO: Sent data on element with locator: user_password locatorType: id
06032020 02:16:44 PM - LoginPage - INFO: Element Found with locator: commit and  locatorType: name
06032020 02:16:48 PM - LoginPage - INFO: Clicked on element with locator: commit locatorType: name
06032020 02:16:48 PM - LoginPage - INFO: Element Found with locator: //*[contains(text(), 'Invalid email or password')] and  locatorType: xpath
06032020 02:16:48 PM - LoginPage - INFO: Element Found
06032020 02:16:49 PM - LoginPage - INFO: Element Found with locator: Login and  locatorType: link
06032020 02:16:49 PM - LoginPage - INFO: Clicked on element with locator: Login locatorType: link
06032020 02:16:52 PM - LoginPage - INFO: Element Found with locator: user_email and  locatorType: id
06032020 02:16:52 PM - LoginPage - INFO: Cleared data from textbox with locator: user_email locatorType: id
06032020 02:16:52 PM - LoginPage - INFO: Element Found with locator: user_password and  locatorType: id
06032020 02:16:52 PM - LoginPage - INFO: Cleared data from textbox with locator: user_password locatorType: id
06032020 02:16:52 PM - LoginPage - INFO: Element Found with locator: user_email and  locatorType: id
06032020 02:16:53 PM - LoginPage - INFO: Sent data on element with locator: user_email locatorType: id
06032020 02:16:53 PM - LoginPage - INFO: Element Found with locator: user_password and  locatorType: id
06032020 02:16:53 PM - LoginPage - INFO: Sent data on element with locator: user_password locatorType: id
06032020 02:16:53 PM - LoginPage - INFO: Element Found with locator: commit and  locatorType: name
06032020 02:16:57 PM - LoginPage - INFO: Clicked on element with locator: commit locatorType: name
06032020 02:17:00 PM - LoginPage - INFO: Element not found with locator: .//*[@id='navbar']//span[text()='User Settings'] and  locatorType: xpath
06032020 02:17:00 PM - LoginPage - INFO: Element not found
06032020 04:08:25 PM - LoginPage - INFO: Element Found with locator: Login and  locatorType: link
06032020 04:08:25 PM - LoginPage - INFO: Clicked on element with locator: Login locatorType: link
06032020 04:08:29 PM - LoginPage - INFO: Element Found with locator: user_email and  locatorType: id
06032020 04:08:29 PM - LoginPage - INFO: Cleared data from textbox with locator: user_email locatorType: id
06032020 04:08:29 PM - LoginPage - INFO: Element Found with locator: user_password and  locatorType: id
06032020 04:08:29 PM - LoginPage - INFO: Cleared data from textbox with locator: user_password locatorType: id
06032020 04:08:29 PM - LoginPage - INFO: Element Found with locator: user_email and  locatorType: id
06032020 04:08:30 PM - LoginPage - INFO: Sent data on element with locator: user_email locatorType: id
06032020 04:08:30 PM - LoginPage - INFO: Element Found with locator: user_password and  locatorType: id
06032020 04:08:30 PM - LoginPage - INFO: Sent data on element with locator: user_password locatorType: id
06032020 04:08:30 PM - LoginPage - INFO: Element Found with locator: commit and  locatorType: name
06032020 04:08:30 PM - LoginPage - INFO: Clicked on element with locator: commit locatorType: name
06032020 04:08:34 PM - LoginPage - INFO: Element Found with locator: //*[contains(text(), 'Invalid email or password')] and  locatorType: xpath
06032020 04:08:34 PM - LoginPage - INFO: Element Found
06032020 04:08:37 PM - LoginPage - INFO: Element not found with locator: Login and  locatorType: link
06032020 04:08:37 PM - LoginPage - INFO: Cannot click on the element with locator: Login locatorType: link
06032020 04:08:37 PM - LoginPage - INFO: Element Found with locator: user_email and  locatorType: id
06032020 04:08:37 PM - LoginPage - INFO: Cleared data from textbox with locator: user_email locatorType: id
06032020 04:08:37 PM - LoginPage - INFO: Element Found with locator: user_password and  locatorType: id
06032020 04:08:37 PM - LoginPage - INFO: Cleared data from textbox with locator: user_password locatorType: id
06032020 04:08:37 PM - LoginPage - INFO: Element Found with locator: user_email and  locatorType: id
06032020 04:08:37 PM - LoginPage - INFO: Sent data on element with locator: user_email locatorType: id
06032020 04:08:37 PM - LoginPage - INFO: Element Found with locator: user_password and  locatorType: id
06032020 04:08:37 PM - LoginPage - INFO: Sent data on element with locator: user_password locatorType: id
06032020 04:08:37 PM - LoginPage - INFO: Element Found with locator: commit and  locatorType: name
06032020 04:08:42 PM - LoginPage - INFO: Clicked on element with locator: commit locatorType: name
06032020 04:08:45 PM - LoginPage - INFO: Element not found with locator: .//*[@id='navbar']//span[text()='User Settings'] and  locatorType: xpath
06032020 04:08:45 PM - LoginPage - INFO: Element not found
06042020 03:51:49 PM - LoginPage - INFO: Element not found with locator: Login and  locatorType: link
06042020 03:51:49 PM - LoginPage - INFO: Cannot click on the element with locator: Login locatorType: link
06042020 03:51:49 PM - LoginPage - INFO: Element not found with locator: user_email and  locatorType: id
06042020 03:51:49 PM - LoginPage - INFO: Cannot clear data on the element with locator: user_email locatorType: id
06042020 03:51:49 PM - LoginPage - INFO: Element not found with locator: user_password and  locatorType: id
06042020 03:51:49 PM - LoginPage - INFO: Cannot clear data on the element with locator: user_password locatorType: id
06042020 03:51:49 PM - LoginPage - INFO: Element not found with locator: user_email and  locatorType: id
06042020 03:51:49 PM - LoginPage - INFO: Cannot send data on the element with locator: user_email locatorType: id
06042020 03:51:49 PM - LoginPage - INFO: Element not found with locator: user_password and  locatorType: id
06042020 03:51:49 PM - LoginPage - INFO: Cannot send data on the element with locator: user_password locatorType: id
06042020 03:51:49 PM - LoginPage - INFO: Element not found with locator: commit and  locatorType: name
06042020 03:51:49 PM - LoginPage - INFO: Cannot click on the element with locator: commit locatorType: name
06042020 03:51:49 PM - LoginPage - INFO: Element not found with locator: //*[contains(text(), 'Invalid email or password')] and  locatorType: xpath
06042020 03:51:49 PM - LoginPage - INFO: Element not found
06042020 03:51:49 PM - LoginPage - INFO: Element not found with locator: Login and  locatorType: link
06042020 03:51:49 PM - LoginPage - INFO: Cannot click on the element with locator: Login locatorType: link
06042020 03:51:49 PM - LoginPage - INFO: Element not found with locator: user_email and  locatorType: id
06042020 03:51:49 PM - LoginPage - INFO: Cannot clear data on the element with locator: user_email locatorType: id
06042020 03:51:49 PM - LoginPage - INFO: Element not found with locator: user_password and  locatorType: id
06042020 03:51:49 PM - LoginPage - INFO: Cannot clear data on the element with locator: user_password locatorType: id
06042020 03:51:50 PM - LoginPage - INFO: Element not found with locator: user_email and  locatorType: id
06042020 03:51:50 PM - LoginPage - INFO: Cannot send data on the element with locator: user_email locatorType: id
06042020 03:51:50 PM - LoginPage - INFO: Element not found with locator: user_password and  locatorType: id
06042020 03:51:50 PM - LoginPage - INFO: Cannot send data on the element with locator: user_password locatorType: id
06042020 03:51:50 PM - LoginPage - INFO: Element not found with locator: commit and  locatorType: name
06042020 03:51:50 PM - LoginPage - INFO: Cannot click on the element with locator: commit locatorType: name
06042020 03:51:50 PM - LoginPage - INFO: Element not found with locator: .//*[@id='navbar']//span[text()='User Settings'] and  locatorType: xpath
06042020 03:51:50 PM - LoginPage - INFO: Element not found
06042020 03:53:03 PM - LoginPage - INFO: Element Found with locator: Login and  locatorType: link
06042020 03:53:04 PM - LoginPage - INFO: Clicked on element with locator: Login locatorType: link
06042020 03:53:11 PM - LoginPage - INFO: Element Found with locator: user_email and  locatorType: id
06042020 03:53:11 PM - LoginPage - INFO: Cleared data from textbox with locator: user_email locatorType: id
06042020 03:53:11 PM - LoginPage - INFO: Element Found with locator: user_password and  locatorType: id
06042020 03:53:11 PM - LoginPage - INFO: Cleared data from textbox with locator: user_password locatorType: id
06042020 03:53:11 PM - LoginPage - INFO: Element Found with locator: user_email and  locatorType: id
06042020 03:53:11 PM - LoginPage - INFO: Sent data on element with locator: user_email locatorType: id
06042020 03:53:11 PM - LoginPage - INFO: Element Found with locator: user_password and  locatorType: id
06042020 03:53:12 PM - LoginPage - INFO: Sent data on element with locator: user_password locatorType: id
06042020 03:53:12 PM - LoginPage - INFO: Element Found with locator: commit and  locatorType: name
06042020 03:53:16 PM - LoginPage - INFO: Clicked on element with locator: commit locatorType: name
06042020 03:53:16 PM - LoginPage - INFO: Element Found with locator: //*[contains(text(), 'Invalid email or password')] and  locatorType: xpath
06042020 03:53:16 PM - LoginPage - INFO: Element Found
06042020 03:53:19 PM - LoginPage - INFO: Element not found with locator: Login and  locatorType: link
06042020 03:53:19 PM - LoginPage - INFO: Cannot click on the element with locator: Login locatorType: link
06042020 03:53:19 PM - LoginPage - INFO: Element Found with locator: user_email and  locatorType: id
06042020 03:53:19 PM - LoginPage - INFO: Cleared data from textbox with locator: user_email locatorType: id
06042020 03:53:19 PM - LoginPage - INFO: Element Found with locator: user_password and  locatorType: id
06042020 03:53:19 PM - LoginPage - INFO: Cleared data from textbox with locator: user_password locatorType: id
06042020 03:53:19 PM - LoginPage - INFO: Element Found with locator: user_email and  locatorType: id
06042020 03:53:19 PM - LoginPage - INFO: Sent data on element with locator: user_email locatorType: id
06042020 03:53:19 PM - LoginPage - INFO: Element Found with locator: user_password and  locatorType: id
06042020 03:53:19 PM - LoginPage - INFO: Sent data on element with locator: user_password locatorType: id
06042020 03:53:19 PM - LoginPage - INFO: Element Found with locator: commit and  locatorType: name
06042020 03:53:25 PM - LoginPage - INFO: Clicked on element with locator: commit locatorType: name
06042020 03:53:28 PM - LoginPage - INFO: Element not found with locator: .//*[@id='navbar']//span[text()='User Settings'] and  locatorType: xpath
06042020 03:53:28 PM - LoginPage - INFO: Element not found
06042020 03:58:17 PM - LoginPage - INFO: Element Found with locator: Login and  locatorType: link
06042020 03:58:17 PM - LoginPage - INFO: Clicked on element with locator: Login locatorType: link
06042020 03:58:23 PM - LoginPage - INFO: Element Found with locator: user_email and  locatorType: id
06042020 03:58:23 PM - LoginPage - INFO: Cleared data from textbox with locator: user_email locatorType: id
06042020 03:58:23 PM - LoginPage - INFO: Element Found with locator: user_password and  locatorType: id
06042020 03:58:23 PM - LoginPage - INFO: Cleared data from textbox with locator: user_password locatorType: id
06042020 03:58:23 PM - LoginPage - INFO: Element Found with locator: user_email and  locatorType: id
06042020 03:58:24 PM - LoginPage - INFO: Sent data on element with locator: user_email locatorType: id
06042020 03:58:24 PM - LoginPage - INFO: Element Found with locator: user_password and  locatorType: id
06042020 03:58:24 PM - LoginPage - INFO: Sent data on element with locator: user_password locatorType: id
06042020 03:58:24 PM - LoginPage - INFO: Element Found with locator: commit and  locatorType: name
06042020 03:58:28 PM - LoginPage - INFO: Clicked on element with locator: commit locatorType: name
06042020 03:58:28 PM - LoginPage - INFO: Element Found with locator: //*[contains(text(), 'Invalid email or password')] and  locatorType: xpath
06042020 03:58:28 PM - LoginPage - INFO: Element Found
06042020 03:58:31 PM - LoginPage - INFO: Element not found with locator: Login and  locatorType: link
06042020 03:58:31 PM - LoginPage - INFO: Cannot click on the element with locator: Login locatorType: link
06042020 03:58:31 PM - LoginPage - INFO: Element Found with locator: user_email and  locatorType: id
06042020 03:58:31 PM - LoginPage - INFO: Cleared data from textbox with locator: user_email locatorType: id
06042020 03:58:31 PM - LoginPage - INFO: Element Found with locator: user_password and  locatorType: id
06042020 03:58:31 PM - LoginPage - INFO: Cleared data from textbox with locator: user_password locatorType: id
06042020 03:58:31 PM - LoginPage - INFO: Element Found with locator: user_email and  locatorType: id
06042020 03:58:31 PM - LoginPage - INFO: Sent data on element with locator: user_email locatorType: id
06042020 03:58:31 PM - LoginPage - INFO: Element Found with locator: user_password and  locatorType: id
06042020 03:58:31 PM - LoginPage - INFO: Sent data on element with locator: user_password locatorType: id
06042020 03:58:31 PM - LoginPage - INFO: Element Found with locator: commit and  locatorType: name
06042020 03:58:35 PM - LoginPage - INFO: Clicked on element with locator: commit locatorType: name
06042020 03:58:38 PM - LoginPage - INFO: Element not found with locator: .//*[@id='navbar']//span[text()='User Settings'] and  locatorType: xpath
06042020 03:58:38 PM - LoginPage - INFO: Element not found
06042020 04:04:39 PM - LoginPage - INFO: Element Found with locator: Login and  locatorType: link
06042020 04:04:39 PM - LoginPage - INFO: Clicked on element with locator: Login locatorType: link
06042020 04:04:45 PM - LoginPage - INFO: Element Found with locator: user_email and  locatorType: id
06042020 04:04:45 PM - LoginPage - INFO: Cleared data from textbox with locator: user_email locatorType: id
06042020 04:04:45 PM - LoginPage - INFO: Element Found with locator: user_password and  locatorType: id
06042020 04:04:45 PM - LoginPage - INFO: Cleared data from textbox with locator: user_password locatorType: id
06042020 04:04:45 PM - LoginPage - INFO: Element Found with locator: user_email and  locatorType: id
06042020 04:04:45 PM - LoginPage - INFO: Sent data on element with locator: user_email locatorType: id
06042020 04:04:45 PM - LoginPage - INFO: Element Found with locator: user_password and  locatorType: id
06042020 04:04:45 PM - LoginPage - INFO: Sent data on element with locator: user_password locatorType: id
06042020 04:04:45 PM - LoginPage - INFO: Element Found with locator: commit and  locatorType: name
06042020 04:04:50 PM - LoginPage - INFO: Clicked on element with locator: commit locatorType: name
06042020 04:04:50 PM - LoginPage - INFO: Element Found with locator: //*[contains(text(), 'Invalid email or password')] and  locatorType: xpath
06042020 04:04:50 PM - LoginPage - INFO: Element Found
06042020 04:04:53 PM - LoginPage - INFO: Element not found with locator: Login and  locatorType: link
06042020 04:04:53 PM - LoginPage - INFO: Cannot click on the element with locator: Login locatorType: link
06042020 04:04:53 PM - LoginPage - INFO: Element Found with locator: user_email and  locatorType: id
06042020 04:04:53 PM - LoginPage - INFO: Cleared data from textbox with locator: user_email locatorType: id
06042020 04:04:53 PM - LoginPage - INFO: Element Found with locator: user_password and  locatorType: id
06042020 04:04:53 PM - LoginPage - INFO: Cleared data from textbox with locator: user_password locatorType: id
06042020 04:04:53 PM - LoginPage - INFO: Element Found with locator: user_email and  locatorType: id
06042020 04:04:54 PM - LoginPage - INFO: Sent data on element with locator: user_email locatorType: id
06042020 04:04:54 PM - LoginPage - INFO: Element Found with locator: user_password and  locatorType: id
06042020 04:04:54 PM - LoginPage - INFO: Sent data on element with locator: user_password locatorType: id
06042020 04:04:54 PM - LoginPage - INFO: Element Found with locator: commit and  locatorType: name
06042020 04:04:57 PM - LoginPage - INFO: Clicked on element with locator: commit locatorType: name
06042020 04:04:57 PM - LoginPage - INFO: Element Found with locator: //img[@class='gravatar'] and  locatorType: xpath
06042020 04:04:57 PM - LoginPage - INFO: Element Found
